<?xml version="1.0" encoding="UTF-8"?>
<!-- Generated by org.testng.reporters.JUnitReportReporter -->
<testsuite hostname="LAPTOP-JF6MUSMN" failures="0" tests="4" name="runner.RunCucumberTest" time="10.939" errors="0" timestamp="2024-01-17T20:59:24 IST" skipped="0">
  <testcase classname="runner.RunCucumberTest" name="runScenario" time="2.735"/>
  <system-out/>
  <testcase classname="runner.RunCucumberTest" name="runScenario" time="2.734"/>
  <system-out/>
  <testcase classname="runner.RunCucumberTest" name="runScenario" time="2.735"/>
  <system-out/>
  <testcase classname="runner.RunCucumberTest" name="runScenario" time="2.735"/>
  <system-out/>
</testsuite> <!-- runner.RunCucumberTest -->
