<?xml version="1.0" encoding="UTF-8"?>
<!-- Generated by org.testng.reporters.JUnitReportReporter -->
<testsuite hostname="LAPTOP-JF6MUSMN" failures="0" tests="1" name="testCases.PutTestCase" time="2.785" errors="0" timestamp="2024-01-22T19:06:55 IST" skipped="0">
  <testcase classname="testCases.PutTestCase" name="testUpdateUserDetails" time="2.785"/>
</testsuite> <!-- testCases.PutTestCase -->
