<?xml version="1.0" encoding="UTF-8"?>
<!-- Generated by org.testng.reporters.JUnitReportReporter -->
<testsuite hostname="LAPTOP-JF6MUSMN" failures="0" tests="4" name="testCases.Test1Get" time="2.546" errors="0" timestamp="2024-01-16T08:08:21 IST" skipped="0">
  <testcase classname="testCases.Test1Get" name="getListUsersType2" time="0.063"/>
  <system-out/>
  <testcase classname="testCases.Test1Get" name="getListUsersType3" time="0.485"/>
  <system-out/>
  <testcase classname="testCases.Test1Get" name="getListUsersType4" time="0.060"/>
  <system-out/>
  <testcase classname="testCases.Test1Get" name="getListUsers" time="1.938"/>
  <system-out/>
</testsuite> <!-- testCases.Test1Get -->
