<?xml version="1.0" encoding="UTF-8"?>
<!-- Generated by org.testng.reporters.JUnitReportReporter -->
<testsuite hostname="LAPTOP-JF6MUSMN" failures="0" tests="1" name="AssignmentTest.Assignment1Tester" time="0.015" errors="0" timestamp="2023-11-16T21:41:24 IST" skipped="0">
  <testcase classname="AssignmentTest.Assignment1Tester" name="testOccuranceOfACharacter" time="0.015"/>
</testsuite> <!-- AssignmentTest.Assignment1Tester -->
